<?xml version="1.0" encoding="utf-8"?><testsuites name="pytest tests"><testsuite name="pytest" errors="0" failures="0" skipped="0" tests="10" time="4.021" timestamp="2026-03-10T22:29:39.686865+00:00" hostname="agent-env-2119fe0f-18d6-46bd-81a1-a8f90d8c6813"><testcase classname="backend.tests.test_iteration_5.TestAuthentication" name="test_login_superadmin" time="0.427" /><testcase classname="backend.tests.test_iteration_5.TestAttendanceByDate" name="test_attendance_by_date_returns_moments" time="0.466" /><testcase classname="backend.tests.test_iteration_5.TestAttendanceByDate" name="test_attendance_auto_creates_present_records" time="0.170" /><testcase classname="backend.tests.test_iteration_5.TestAttendanceByDate" name="test_student_data_includes_registration_note" time="0.142" /><testcase classname="backend.tests.test_iteration_5.TestAttendanceToggle" name="test_attendance_toggle_endpoint" time="0.687" /><testcase classname="backend.tests.test_iteration_5.TestNotificationsEndpoint" name="test_absence_feed_endpoint" time="0.568" /><testcase classname="backend.tests.test_iteration_5.TestNotificationsEndpoint" name="test_mark_notification_read" time="0.228" /><testcase classname="backend.tests.test_iteration_5.TestRegistrationsSorting" name="test_my_registrations_sorted_by_created_at" time="0.517" /><testcase classname="backend.tests.test_iteration_5.TestRegistrationsSorting" name="test_admin_registrations_sorted_by_created_at" time="0.158" /><testcase classname="backend.tests.test_iteration_5.TestUserDeletion" name="test_get_users_endpoint" time="0.465" /></testsuite></testsuites>