<?xml version="1.0" encoding="utf-8"?><testsuites name="pytest tests"><testsuite name="pytest" errors="0" failures="0" skipped="0" tests="14" time="3.300" timestamp="2026-03-10T21:47:03.707954+00:00" hostname="agent-env-2119fe0f-18d6-46bd-81a1-a8f90d8c6813"><testcase classname="backend.tests.test_iteration_4.TestPriorityAvailableMoments" name="test_available_moments_count" time="0.660" /><testcase classname="backend.tests.test_iteration_4.TestPriorityAvailableMoments" name="test_available_moments_has_future_dates" time="0.209" /><testcase classname="backend.tests.test_iteration_4.TestPriorityAvailableMoments" name="test_available_moments_include_registered_students" time="0.210" /><testcase classname="backend.tests.test_iteration_4.TestPriorityAvailableMoments" name="test_available_moments_shows_full_ones" time="0.210" /><testcase classname="backend.tests.test_iteration_4.TestGenerateMomentsEndpoint" name="test_generate_moments_empty_body" time="0.176" /><testcase classname="backend.tests.test_iteration_4.TestGenerateMomentsEndpoint" name="test_generate_moments_with_dates" time="0.156" /><testcase classname="backend.tests.test_iteration_4.TestAbsenceFeed" name="test_absence_feed_returns_list" time="0.127" /><testcase classname="backend.tests.test_iteration_4.TestAbsenceFeed" name="test_mark_notification_read" time="0.141" /><testcase classname="backend.tests.test_iteration_4.TestDeleteUser" name="test_get_users_list" time="0.119" /><testcase classname="backend.tests.test_iteration_4.TestDeleteUser" name="test_delete_user_endpoint_exists" time="0.459" /><testcase classname="backend.tests.test_iteration_4.TestDeleteUser" name="test_non_superadmin_cannot_delete" time="0.000" /><testcase classname="backend.tests.test_iteration_4.TestAvailabilityAdminGenerateDialog" name="test_get_availability_rules" time="0.154" /><testcase classname="backend.tests.test_iteration_4.TestHealthAndBasics" name="test_api_health" time="0.269" /><testcase classname="backend.tests.test_iteration_4.TestHealthAndBasics" name="test_auth_login" time="0.354" /></testsuite></testsuites>