<?xml version="1.0" encoding="utf-8"?><testsuites name="pytest tests"><testsuite name="pytest" errors="0" failures="0" skipped="0" tests="9" time="4.098" timestamp="2026-03-17T14:58:32.331487+00:00" hostname="agent-env-2119fe0f-18d6-46bd-81a1-a8f90d8c6813"><testcase classname="backend.tests.test_iteration_6.TestAuthentication" name="test_login_superadmin" time="0.359" /><testcase classname="backend.tests.test_iteration_6.TestAttendanceStatusFeature" name="test_attendance_status_sick_with_reason" time="0.737" /><testcase classname="backend.tests.test_iteration_6.TestAttendanceStatusFeature" name="test_attendance_status_absent_with_reason" time="0.142" /><testcase classname="backend.tests.test_iteration_6.TestAttendanceStatusFeature" name="test_attendance_status_present" time="0.151" /><testcase classname="backend.tests.test_iteration_6.TestAttendanceByDateStatus" name="test_attendance_by_date_includes_status_field" time="0.551" /><testcase classname="backend.tests.test_iteration_6.TestAddStudentWalkIn" name="test_add_student_to_moment" time="0.819" /><testcase classname="backend.tests.test_iteration_6.TestAddStudentWalkIn" name="test_add_student_duplicate_rejected" time="0.292" /><testcase classname="backend.tests.test_iteration_6.TestAbsenceFeedStatus" name="test_absence_feed_has_status_fields" time="0.499" /><testcase classname="backend.tests.test_iteration_6.TestStudentsSearch" name="test_students_search_endpoint" time="0.497" /></testsuite></testsuites>