<?xml version="1.0" encoding="utf-8"?><testsuites name="pytest tests"><testsuite name="pytest" errors="0" failures="0" skipped="0" tests="20" time="6.705" timestamp="2026-03-10T21:25:32.837291+00:00" hostname="agent-env-2119fe0f-18d6-46bd-81a1-a8f90d8c6813"><testcase classname="backend.tests.test_recent_features.TestAuthentication" name="test_superadmin_login_success" time="0.635" /><testcase classname="backend.tests.test_recent_features.TestAuthentication" name="test_login_invalid_credentials" time="0.804" /><testcase classname="backend.tests.test_recent_features.TestClasses" name="test_get_classes_with_include_inactive" time="0.678" /><testcase classname="backend.tests.test_recent_features.TestClasses" name="test_create_class" time="0.159" /><testcase classname="backend.tests.test_recent_features.TestClasses" name="test_toggle_class_active" time="0.667" /><testcase classname="backend.tests.test_recent_features.TestClasses" name="test_hard_delete_class" time="0.467" /><testcase classname="backend.tests.test_recent_features.TestStudyTypes" name="test_get_study_types" time="0.124" /><testcase classname="backend.tests.test_recent_features.TestStudyTypes" name="test_create_study_type_default_times" time="0.250" /><testcase classname="backend.tests.test_recent_features.TestStudyTypes" name="test_toggle_study_type_active" time="0.368" /><testcase classname="backend.tests.test_recent_features.TestStudyTypes" name="test_hard_delete_study_type" time="0.244" /><testcase classname="backend.tests.test_recent_features.TestExclusionDates" name="test_get_exclusion_dates" time="0.117" /><testcase classname="backend.tests.test_recent_features.TestExclusionDates" name="test_create_exclusion_date_all_types" time="0.291" /><testcase classname="backend.tests.test_recent_features.TestExclusionDates" name="test_create_exclusion_date_specific_types" time="0.403" /><testcase classname="backend.tests.test_recent_features.TestExclusionDates" name="test_update_exclusion_date" time="0.363" /><testcase classname="backend.tests.test_recent_features.TestReports" name="test_get_reports_summary" time="0.143" /><testcase classname="backend.tests.test_recent_features.TestReports" name="test_get_attendance_detail" time="0.129" /><testcase classname="backend.tests.test_recent_features.TestReports" name="test_get_attendance_detail_with_filters" time="0.126" /><testcase classname="backend.tests.test_recent_features.TestReports" name="test_export_registrations" time="0.155" /><testcase classname="backend.tests.test_recent_features.TestCleanup" name="test_cleanup_test_classes" time="0.269" /><testcase classname="backend.tests.test_recent_features.TestCleanup" name="test_cleanup_test_study_types" time="0.111" /></testsuite></testsuites>